# JRE version: OpenJDK Runtime Environment (8.0_112-b06) (build 1.8.0_112-release-b06)
# Java VM: OpenJDK 64-Bit Server VM (25.112-b06 mixed mode windows-amd64 compressed oops)
Heap:
 PSYoungGen      total 214528K, used 84586K [0x00000000eab00000, 0x00000000fa880000, 0x0000000100000000)
  eden space 205312K, 36% used [0x00000000eab00000,0x00000000ef5049d8,0x00000000f7380000)
  from space 9216K, 95% used [0x00000000f7a00000,0x00000000f8295f78,0x00000000f8300000)
  to   space 27136K, 0% used [0x00000000f8e00000,0x00000000f8e00000,0x00000000fa880000)
 ParOldGen       total 98304K, used 49759K [0x00000000c0000000, 0x00000000c6000000, 0x00000000eab00000)
  object space 98304K, 50% used [0x00000000c0000000,0x00000000c3097d70,0x00000000c6000000)
 Metaspace       used 59111K, capacity 61844K, committed 62080K, reserved 1103872K
  class space    used 7875K, capacity 8532K, committed 8576K, reserved 1048576K
GC Heap History (10 events):
Event: 9.530 GC heap before
{Heap before GC invocations=12 (full 2):
 PSYoungGen      total 151552K, used 151528K [0x00000000eab00000, 0x00000000f6f80000, 0x0000000100000000)
  eden space 138752K, 100% used [0x00000000eab00000,0x00000000f3280000,0x00000000f3280000)
  from space 12800K, 99% used [0x00000000f3280000,0x00000000f3efa1e0,0x00000000f3f00000)
  to   space 14336K, 0% used [0x00000000f6180000,0x00000000f6180000,0x00000000f6f80000)
 ParOldGen       total 98304K, used 17200K [0x00000000c0000000, 0x00000000c6000000, 0x00000000eab00000)
  object space 98304K, 17% used [0x00000000c0000000,0x00000000c10cc3f8,0x00000000c6000000)
 Metaspace       used 44998K, capacity 46150K, committed 46336K, reserved 1089536K
  class space    used 5987K, capacity 6295K, committed 6400K, reserved 1048576K
Event: 9.541 GC heap after
Heap after GC invocations=12 (full 2):
 PSYoungGen      total 185344K, used 14327K [0x00000000eab00000, 0x00000000f7400000, 0x0000000100000000)
  eden space 171008K, 0% used [0x00000000eab00000,0x00000000eab00000,0x00000000f5200000)
  from space 14336K, 99% used [0x00000000f6180000,0x00000000f6f7dfb8,0x00000000f6f80000)
  to   space 15872K, 0% used [0x00000000f5200000,0x00000000f5200000,0x00000000f6180000)
 ParOldGen       total 98304K, used 17257K [0x00000000c0000000, 0x00000000c6000000, 0x00000000eab00000)
  object space 98304K, 17% used [0x00000000c0000000,0x00000000c10da708,0x00000000c6000000)
 Metaspace       used 44998K, capacity 46150K, committed 46336K, reserved 1089536K
  class space    used 5987K, capacity 6295K, committed 6400K, reserved 1048576K
}
Event: 10.890 GC heap before
{Heap before GC invocations=13 (full 2):
 PSYoungGen      total 185344K, used 185335K [0x00000000eab00000, 0x00000000f7400000, 0x0000000100000000)
  eden space 171008K, 100% used [0x00000000eab00000,0x00000000f5200000,0x00000000f5200000)
  from space 14336K, 99% used [0x00000000f6180000,0x00000000f6f7dfb8,0x00000000f6f80000)
  to   space 15872K, 0% used [0x00000000f5200000,0x00000000f5200000,0x00000000f6180000)
 ParOldGen       total 98304K, used 17257K [0x00000000c0000000, 0x00000000c6000000, 0x00000000eab00000)
  object space 98304K, 17% used [0x00000000c0000000,0x00000000c10da708,0x00000000c6000000)
 Metaspace       used 50525K, capacity 52236K, committed 52480K, reserved 1093632K
  class space    used 6868K, capacity 7316K, committed 7424K, reserved 1048576K
Event: 10.915 GC heap after
Heap after GC invocations=13 (full 2):
 PSYoungGen      total 186880K, used 15843K [0x00000000eab00000, 0x00000000faa80000, 0x0000000100000000)
  eden space 171008K, 0% used [0x00000000eab00000,0x00000000eab00000,0x00000000f5200000)
  from space 15872K, 99% used [0x00000000f5200000,0x00000000f6178df8,0x00000000f6180000)
  to   space 22016K, 0% used [0x00000000f9500000,0x00000000f9500000,0x00000000faa80000)
 ParOldGen       total 98304K, used 28920K [0x00000000c0000000, 0x00000000c6000000, 0x00000000eab00000)
  object space 98304K, 29% used [0x00000000c0000000,0x00000000c1c3e3a8,0x00000000c6000000)
 Metaspace       used 50525K, capacity 52236K, committed 52480K, reserved 1093632K
  class space    used 6868K, capacity 7316K, committed 7424K, reserved 1048576K
}
Event: 14.822 GC heap before
{Heap before GC invocations=14 (full 2):
 PSYoungGen      total 186880K, used 177025K [0x00000000eab00000, 0x00000000faa80000, 0x0000000100000000)
  eden space 171008K, 94% used [0x00000000eab00000,0x00000000f48676f0,0x00000000f5200000)
  from space 15872K, 99% used [0x00000000f5200000,0x00000000f6178df8,0x00000000f6180000)
  to   space 22016K, 0% used [0x00000000f9500000,0x00000000f9500000,0x00000000faa80000)
 ParOldGen       total 98304K, used 28920K [0x00000000c0000000, 0x00000000c6000000, 0x00000000eab00000)
  object space 98304K, 29% used [0x00000000c0000000,0x00000000c1c3e3a8,0x00000000c6000000)
 Metaspace       used 56529K, capacity 58998K, committed 59096K, reserved 1099776K
  class space    used 7621K, capacity 8243K, committed 8320K, reserved 1048576K
Event: 14.843 GC heap after
Heap after GC invocations=14 (full 2):
 PSYoungGen      total 233984K, used 21987K [0x00000000eab00000, 0x00000000fb180000, 0x0000000100000000)
  eden space 211968K, 0% used [0x00000000eab00000,0x00000000eab00000,0x00000000f7a00000)
  from space 22016K, 99% used [0x00000000f9500000,0x00000000faa78c30,0x00000000faa80000)
  to   space 27648K, 0% used [0x00000000f7a00000,0x00000000f7a00000,0x00000000f9500000)
 ParOldGen       total 98304K, used 36957K [0x00000000c0000000, 0x00000000c6000000, 0x00000000eab00000)
  object space 98304K, 37% used [0x00000000c0000000,0x00000000c2417450,0x00000000c6000000)
 Metaspace       used 56529K, capacity 58998K, committed 59096K, reserved 1099776K
  class space    used 7621K, capacity 8243K, committed 8320K, reserved 1048576K
}
Event: 14.843 GC heap before
{Heap before GC invocations=15 (full 3):
 PSYoungGen      total 233984K, used 21987K [0x00000000eab00000, 0x00000000fb180000, 0x0000000100000000)
  eden space 211968K, 0% used [0x00000000eab00000,0x00000000eab00000,0x00000000f7a00000)
  from space 22016K, 99% used [0x00000000f9500000,0x00000000faa78c30,0x00000000faa80000)
  to   space 27648K, 0% used [0x00000000f7a00000,0x00000000f7a00000,0x00000000f9500000)
 ParOldGen       total 98304K, used 36957K [0x00000000c0000000, 0x00000000c6000000, 0x00000000eab00000)
  object space 98304K, 37% used [0x00000000c0000000,0x00000000c2417450,0x00000000c6000000)
 Metaspace       used 56529K, capacity 58998K, committed 59096K, reserved 1099776K
  class space    used 7621K, capacity 8243K, committed 8320K, reserved 1048576K
Event: 15.006 GC heap after
Heap after GC invocations=15 (full 3):
 PSYoungGen      total 233984K, used 0K [0x00000000eab00000, 0x00000000fb180000, 0x0000000100000000)
  eden space 211968K, 0% used [0x00000000eab00000,0x00000000eab00000,0x00000000f7a00000)
  from space 22016K, 0% used [0x00000000f9500000,0x00000000f9500000,0x00000000faa80000)
  to   space 27648K, 0% used [0x00000000f7a00000,0x00000000f7a00000,0x00000000f9500000)
 ParOldGen       total 98304K, used 49751K [0x00000000c0000000, 0x00000000c6000000, 0x00000000eab00000)
  object space 98304K, 50% used [0x00000000c0000000,0x00000000c3095d70,0x00000000c6000000)
 Metaspace       used 56529K, capacity 58998K, committed 59096K, reserved 1099776K
  class space    used 7621K, capacity 8243K, committed 8320K, reserved 1048576K
}
Event: 493.598 GC heap before
{Heap before GC invocations=16 (full 3):
 PSYoungGen      total 233984K, used 211968K [0x00000000eab00000, 0x00000000fb180000, 0x0000000100000000)
  eden space 211968K, 100% used [0x00000000eab00000,0x00000000f7a00000,0x00000000f7a00000)
  from space 22016K, 0% used [0x00000000f9500000,0x00000000f9500000,0x00000000faa80000)
  to   space 27648K, 0% used [0x00000000f7a00000,0x00000000f7a00000,0x00000000f9500000)
 ParOldGen       total 98304K, used 49751K [0x00000000c0000000, 0x00000000c6000000, 0x00000000eab00000)
  object space 98304K, 50% used [0x00000000c0000000,0x00000000c3095d70,0x00000000c6000000)
 Metaspace       used 57967K, capacity 60602K, committed 60672K, reserved 1101824K
  class space    used 7776K, capacity 8413K, committed 8448K, reserved 1048576K
Event: 493.637 GC heap after
Heap after GC invocations=16 (full 3):
 PSYoungGen      total 214528K, used 8791K [0x00000000eab00000, 0x00000000fa880000, 0x0000000100000000)
  eden space 205312K, 0% used [0x00000000eab00000,0x00000000eab00000,0x00000000f7380000)
  from space 9216K, 95% used [0x00000000f7a00000,0x00000000f8295f78,0x00000000f8300000)
  to   space 27136K, 0% used [0x00000000f8e00000,0x00000000f8e00000,0x00000000fa880000)
 ParOldGen       total 98304K, used 49759K [0x00000000c0000000, 0x00000000c6000000, 0x00000000eab00000)
  object space 98304K, 50% used [0x00000000c0000000,0x00000000c3097d70,0x00000000c6000000)
 Metaspace       used 57967K, capacity 60602K, committed 60672K, reserved 1101824K
  class space    used 7776K, capacity 8413K, committed 8448K, reserved 1048576K
}

