# JRE version: OpenJDK Runtime Environment (8.0_112-b06) (build 1.8.0_112-release-b06)
# Java VM: OpenJDK 64-Bit Server VM (25.112-b06 mixed mode windows-amd64 compressed oops)
Heap:
 PSYoungGen      total 98816K, used 14656K [0x00000000eab00000, 0x00000000f3800000, 0x0000000100000000)
  eden space 88576K, 16% used [0x00000000eab00000,0x00000000eb950130,0x00000000f0180000)
  from space 10240K, 0% used [0x00000000f0180000,0x00000000f0180000,0x00000000f0b80000)
  to   space 12288K, 0% used [0x00000000f2c00000,0x00000000f2c00000,0x00000000f3800000)
 ParOldGen       total 67584K, used 17676K [0x00000000c0000000, 0x00000000c4200000, 0x00000000eab00000)
  object space 67584K, 26% used [0x00000000c0000000,0x00000000c11431c8,0x00000000c4200000)
 Metaspace       used 36070K, capacity 36674K, committed 36992K, reserved 1081344K
  class space    used 4811K, capacity 4977K, committed 4992K, reserved 1048576K
GC Heap History (10 events):
Event: 1.484 GC heap before
{Heap before GC invocations=5 (full 1):
 PSYoungGen      total 71680K, used 5104K [0x00000000eab00000, 0x00000000ef600000, 0x0000000100000000)
  eden space 66560K, 0% used [0x00000000eab00000,0x00000000eab00000,0x00000000eec00000)
  from space 5120K, 99% used [0x00000000ef100000,0x00000000ef5fc030,0x00000000ef600000)
  to   space 5120K, 0% used [0x00000000eec00000,0x00000000eec00000,0x00000000ef100000)
 ParOldGen       total 87552K, used 7588K [0x00000000c0000000, 0x00000000c5580000, 0x00000000eab00000)
  object space 87552K, 8% used [0x00000000c0000000,0x00000000c07693a8,0x00000000c5580000)
 Metaspace       used 20769K, capacity 21084K, committed 21296K, reserved 1067008K
  class space    used 2763K, capacity 2865K, committed 2944K, reserved 1048576K
Event: 1.531 GC heap after
Heap after GC invocations=5 (full 1):
 PSYoungGen      total 71680K, used 0K [0x00000000eab00000, 0x00000000ef600000, 0x0000000100000000)
  eden space 66560K, 0% used [0x00000000eab00000,0x00000000eab00000,0x00000000eec00000)
  from space 5120K, 0% used [0x00000000ef100000,0x00000000ef100000,0x00000000ef600000)
  to   space 5120K, 0% used [0x00000000eec00000,0x00000000eec00000,0x00000000ef100000)
 ParOldGen       total 67584K, used 8991K [0x00000000c0000000, 0x00000000c4200000, 0x00000000eab00000)
  object space 67584K, 13% used [0x00000000c0000000,0x00000000c08c7fc0,0x00000000c4200000)
 Metaspace       used 20769K, capacity 21084K, committed 21296K, reserved 1067008K
  class space    used 2763K, capacity 2865K, committed 2944K, reserved 1048576K
}
Event: 2.226 GC heap before
{Heap before GC invocations=6 (full 1):
 PSYoungGen      total 71680K, used 66560K [0x00000000eab00000, 0x00000000ef600000, 0x0000000100000000)
  eden space 66560K, 100% used [0x00000000eab00000,0x00000000eec00000,0x00000000eec00000)
  from space 5120K, 0% used [0x00000000ef100000,0x00000000ef100000,0x00000000ef600000)
  to   space 5120K, 0% used [0x00000000eec00000,0x00000000eec00000,0x00000000ef100000)
 ParOldGen       total 67584K, used 8991K [0x00000000c0000000, 0x00000000c4200000, 0x00000000eab00000)
  object space 67584K, 13% used [0x00000000c0000000,0x00000000c08c7fc0,0x00000000c4200000)
 Metaspace       used 26025K, capacity 26448K, committed 26880K, reserved 1073152K
  class space    used 3589K, capacity 3725K, committed 3840K, reserved 1048576K
Event: 2.233 GC heap after
Heap after GC invocations=6 (full 1):
 PSYoungGen      total 71680K, used 5112K [0x00000000eab00000, 0x00000000f1980000, 0x0000000100000000)
  eden space 66560K, 0% used [0x00000000eab00000,0x00000000eab00000,0x00000000eec00000)
  from space 5120K, 99% used [0x00000000eec00000,0x00000000ef0fe250,0x00000000ef100000)
  to   space 10752K, 0% used [0x00000000f0f00000,0x00000000f0f00000,0x00000000f1980000)
 ParOldGen       total 67584K, used 11819K [0x00000000c0000000, 0x00000000c4200000, 0x00000000eab00000)
  object space 67584K, 17% used [0x00000000c0000000,0x00000000c0b8ae60,0x00000000c4200000)
 Metaspace       used 26025K, capacity 26448K, committed 26880K, reserved 1073152K
  class space    used 3589K, capacity 3725K, committed 3840K, reserved 1048576K
}
Event: 3.293 GC heap before
{Heap before GC invocations=7 (full 1):
 PSYoungGen      total 71680K, used 71672K [0x00000000eab00000, 0x00000000f1980000, 0x0000000100000000)
  eden space 66560K, 100% used [0x00000000eab00000,0x00000000eec00000,0x00000000eec00000)
  from space 5120K, 99% used [0x00000000eec00000,0x00000000ef0fe250,0x00000000ef100000)
  to   space 10752K, 0% used [0x00000000f0f00000,0x00000000f0f00000,0x00000000f1980000)
 ParOldGen       total 67584K, used 11819K [0x00000000c0000000, 0x00000000c4200000, 0x00000000eab00000)
  object space 67584K, 17% used [0x00000000c0000000,0x00000000c0b8ae60,0x00000000c4200000)
 Metaspace       used 29500K, capacity 29962K, committed 30336K, reserved 1075200K
  class space    used 3998K, capacity 4151K, committed 4224K, reserved 1048576K
Event: 3.299 GC heap after
Heap after GC invocations=7 (full 1):
 PSYoungGen      total 95232K, used 6601K [0x00000000eab00000, 0x00000000f1580000, 0x0000000100000000)
  eden space 88576K, 0% used [0x00000000eab00000,0x00000000eab00000,0x00000000f0180000)
  from space 6656K, 99% used [0x00000000f0f00000,0x00000000f1572768,0x00000000f1580000)
  to   space 10240K, 0% used [0x00000000f0180000,0x00000000f0180000,0x00000000f0b80000)
 ParOldGen       total 67584K, used 11891K [0x00000000c0000000, 0x00000000c4200000, 0x00000000eab00000)
  object space 67584K, 17% used [0x00000000c0000000,0x00000000c0b9ce70,0x00000000c4200000)
 Metaspace       used 29500K, capacity 29962K, committed 30336K, reserved 1075200K
  class space    used 3998K, capacity 4151K, committed 4224K, reserved 1048576K
}
Event: 3.734 GC heap before
{Heap before GC invocations=8 (full 1):
 PSYoungGen      total 95232K, used 75905K [0x00000000eab00000, 0x00000000f1580000, 0x0000000100000000)
  eden space 88576K, 78% used [0x00000000eab00000,0x00000000eeeade38,0x00000000f0180000)
  from space 6656K, 99% used [0x00000000f0f00000,0x00000000f1572768,0x00000000f1580000)
  to   space 10240K, 0% used [0x00000000f0180000,0x00000000f0180000,0x00000000f0b80000)
 ParOldGen       total 67584K, used 11891K [0x00000000c0000000, 0x00000000c4200000, 0x00000000eab00000)
  object space 67584K, 17% used [0x00000000c0000000,0x00000000c0b9ce70,0x00000000c4200000)
 Metaspace       used 34764K, capacity 35320K, committed 35496K, reserved 1079296K
  class space    used 4644K, capacity 4810K, committed 4864K, reserved 1048576K
Event: 3.744 GC heap after
Heap after GC invocations=8 (full 1):
 PSYoungGen      total 98816K, used 10238K [0x00000000eab00000, 0x00000000f3800000, 0x0000000100000000)
  eden space 88576K, 0% used [0x00000000eab00000,0x00000000eab00000,0x00000000f0180000)
  from space 10240K, 99% used [0x00000000f0180000,0x00000000f0b7f960,0x00000000f0b80000)
  to   space 12288K, 0% used [0x00000000f2c00000,0x00000000f2c00000,0x00000000f3800000)
 ParOldGen       total 67584K, used 13134K [0x00000000c0000000, 0x00000000c4200000, 0x00000000eab00000)
  object space 67584K, 19% used [0x00000000c0000000,0x00000000c0cd3818,0x00000000c4200000)
 Metaspace       used 34764K, capacity 35320K, committed 35496K, reserved 1079296K
  class space    used 4644K, capacity 4810K, committed 4864K, reserved 1048576K
}
Event: 3.744 GC heap before
{Heap before GC invocations=9 (full 2):
 PSYoungGen      total 98816K, used 10238K [0x00000000eab00000, 0x00000000f3800000, 0x0000000100000000)
  eden space 88576K, 0% used [0x00000000eab00000,0x00000000eab00000,0x00000000f0180000)
  from space 10240K, 99% used [0x00000000f0180000,0x00000000f0b7f960,0x00000000f0b80000)
  to   space 12288K, 0% used [0x00000000f2c00000,0x00000000f2c00000,0x00000000f3800000)
 ParOldGen       total 67584K, used 13134K [0x00000000c0000000, 0x00000000c4200000, 0x00000000eab00000)
  object space 67584K, 19% used [0x00000000c0000000,0x00000000c0cd3818,0x00000000c4200000)
 Metaspace       used 34764K, capacity 35320K, committed 35496K, reserved 1079296K
  class space    used 4644K, capacity 4810K, committed 4864K, reserved 1048576K
Event: 3.812 GC heap after
Heap after GC invocations=9 (full 2):
 PSYoungGen      total 98816K, used 0K [0x00000000eab00000, 0x00000000f3800000, 0x0000000100000000)
  eden space 88576K, 0% used [0x00000000eab00000,0x00000000eab00000,0x00000000f0180000)
  from space 10240K, 0% used [0x00000000f0180000,0x00000000f0180000,0x00000000f0b80000)
  to   space 12288K, 0% used [0x00000000f2c00000,0x00000000f2c00000,0x00000000f3800000)
 ParOldGen       total 67584K, used 17676K [0x00000000c0000000, 0x00000000c4200000, 0x00000000eab00000)
  object space 67584K, 26% used [0x00000000c0000000,0x00000000c11431c8,0x00000000c4200000)
 Metaspace       used 34764K, capacity 35320K, committed 35496K, reserved 1079296K
  class space    used 4644K, capacity 4810K, committed 4864K, reserved 1048576K
}

