# JRE version: OpenJDK Runtime Environment (8.0_112-b06) (build 1.8.0_112-release-b06)
# Java VM: OpenJDK 64-Bit Server VM (25.112-b06 mixed mode windows-amd64 compressed oops)
Heap:
 PSYoungGen      total 138240K, used 81877K [0x00000000eab00000, 0x00000000f6c00000, 0x0000000100000000)
  eden space 124928K, 55% used [0x00000000eab00000,0x00000000eee63ef0,0x00000000f2500000)
  from space 13312K, 96% used [0x00000000f2500000,0x00000000f3191880,0x00000000f3200000)
  to   space 14336K, 0% used [0x00000000f5e00000,0x00000000f5e00000,0x00000000f6c00000)
 ParOldGen       total 91648K, used 14877K [0x00000000c0000000, 0x00000000c5980000, 0x00000000eab00000)
  object space 91648K, 16% used [0x00000000c0000000,0x00000000c0e87490,0x00000000c5980000)
 Metaspace       used 47391K, capacity 48918K, committed 49024K, reserved 1091584K
  class space    used 6369K, capacity 6691K, committed 6784K, reserved 1048576K
GC Heap History (10 events):
Event: 7.601 GC heap before
{Heap before GC invocations=11 (full 2):
 PSYoungGen      total 80896K, used 8428K [0x00000000eab00000, 0x00000000f2100000, 0x0000000100000000)
  eden space 69632K, 0% used [0x00000000eab00000,0x00000000eab00000,0x00000000eef00000)
  from space 11264K, 74% used [0x00000000eef00000,0x00000000ef73b1b8,0x00000000efa00000)
  to   space 11264K, 0% used [0x00000000f1600000,0x00000000f1600000,0x00000000f2100000)
 ParOldGen       total 67584K, used 9366K [0x00000000c0000000, 0x00000000c4200000, 0x00000000eab00000)
  object space 67584K, 13% used [0x00000000c0000000,0x00000000c0925b88,0x00000000c4200000)
 Metaspace       used 34573K, capacity 35236K, committed 35456K, reserved 1079296K
  class space    used 4680K, capacity 4877K, committed 4992K, reserved 1048576K
Event: 7.672 GC heap after
Heap after GC invocations=11 (full 2):
 PSYoungGen      total 80896K, used 0K [0x00000000eab00000, 0x00000000f2100000, 0x0000000100000000)
  eden space 69632K, 0% used [0x00000000eab00000,0x00000000eab00000,0x00000000eef00000)
  from space 11264K, 0% used [0x00000000eef00000,0x00000000eef00000,0x00000000efa00000)
  to   space 11264K, 0% used [0x00000000f1600000,0x00000000f1600000,0x00000000f2100000)
 ParOldGen       total 91648K, used 14845K [0x00000000c0000000, 0x00000000c5980000, 0x00000000eab00000)
  object space 91648K, 16% used [0x00000000c0000000,0x00000000c0e7f490,0x00000000c5980000)
 Metaspace       used 34573K, capacity 35236K, committed 35456K, reserved 1079296K
  class space    used 4680K, capacity 4877K, committed 4992K, reserved 1048576K
}
Event: 8.216 GC heap before
{Heap before GC invocations=12 (full 2):
 PSYoungGen      total 80896K, used 69632K [0x00000000eab00000, 0x00000000f2100000, 0x0000000100000000)
  eden space 69632K, 100% used [0x00000000eab00000,0x00000000eef00000,0x00000000eef00000)
  from space 11264K, 0% used [0x00000000eef00000,0x00000000eef00000,0x00000000efa00000)
  to   space 11264K, 0% used [0x00000000f1600000,0x00000000f1600000,0x00000000f2100000)
 ParOldGen       total 91648K, used 14845K [0x00000000c0000000, 0x00000000c5980000, 0x00000000eab00000)
  object space 91648K, 16% used [0x00000000c0000000,0x00000000c0e7f490,0x00000000c5980000)
 Metaspace       used 38082K, capacity 38934K, committed 39168K, reserved 1083392K
  class space    used 5118K, capacity 5327K, committed 5376K, reserved 1048576K
Event: 8.222 GC heap after
Heap after GC invocations=12 (full 2):
 PSYoungGen      total 102400K, used 7178K [0x00000000eab00000, 0x00000000f1d80000, 0x0000000100000000)
  eden space 94720K, 0% used [0x00000000eab00000,0x00000000eab00000,0x00000000f0780000)
  from space 7680K, 93% used [0x00000000f1600000,0x00000000f1d02908,0x00000000f1d80000)
  to   space 11264K, 0% used [0x00000000f0780000,0x00000000f0780000,0x00000000f1280000)
 ParOldGen       total 91648K, used 14853K [0x00000000c0000000, 0x00000000c5980000, 0x00000000eab00000)
  object space 91648K, 16% used [0x00000000c0000000,0x00000000c0e81490,0x00000000c5980000)
 Metaspace       used 38082K, capacity 38934K, committed 39168K, reserved 1083392K
  class space    used 5118K, capacity 5327K, committed 5376K, reserved 1048576K
}
Event: 9.800 GC heap before
{Heap before GC invocations=13 (full 2):
 PSYoungGen      total 102400K, used 101898K [0x00000000eab00000, 0x00000000f1d80000, 0x0000000100000000)
  eden space 94720K, 100% used [0x00000000eab00000,0x00000000f0780000,0x00000000f0780000)
  from space 7680K, 93% used [0x00000000f1600000,0x00000000f1d02908,0x00000000f1d80000)
  to   space 11264K, 0% used [0x00000000f0780000,0x00000000f0780000,0x00000000f1280000)
 ParOldGen       total 91648K, used 14853K [0x00000000c0000000, 0x00000000c5980000, 0x00000000eab00000)
  object space 91648K, 16% used [0x00000000c0000000,0x00000000c0e81490,0x00000000c5980000)
 Metaspace       used 43447K, capacity 44510K, committed 44800K, reserved 1087488K
  class space    used 5838K, capacity 6101K, committed 6144K, reserved 1048576K
Event: 9.814 GC heap after
Heap after GC invocations=13 (full 2):
 PSYoungGen      total 105984K, used 10531K [0x00000000eab00000, 0x00000000f3d80000, 0x0000000100000000)
  eden space 94720K, 0% used [0x00000000eab00000,0x00000000eab00000,0x00000000f0780000)
  from space 11264K, 93% used [0x00000000f0780000,0x00000000f11c8cd8,0x00000000f1280000)
  to   space 11776K, 0% used [0x00000000f3200000,0x00000000f3200000,0x00000000f3d80000)
 ParOldGen       total 91648K, used 14861K [0x00000000c0000000, 0x00000000c5980000, 0x00000000eab00000)
  object space 91648K, 16% used [0x00000000c0000000,0x00000000c0e83490,0x00000000c5980000)
 Metaspace       used 43447K, capacity 44510K, committed 44800K, reserved 1087488K
  class space    used 5838K, capacity 6101K, committed 6144K, reserved 1048576K
}
Event: 10.165 GC heap before
{Heap before GC invocations=14 (full 2):
 PSYoungGen      total 105984K, used 105251K [0x00000000eab00000, 0x00000000f3d80000, 0x0000000100000000)
  eden space 94720K, 100% used [0x00000000eab00000,0x00000000f0780000,0x00000000f0780000)
  from space 11264K, 93% used [0x00000000f0780000,0x00000000f11c8cd8,0x00000000f1280000)
  to   space 11776K, 0% used [0x00000000f3200000,0x00000000f3200000,0x00000000f3d80000)
 ParOldGen       total 91648K, used 14861K [0x00000000c0000000, 0x00000000c5980000, 0x00000000eab00000)
  object space 91648K, 16% used [0x00000000c0000000,0x00000000c0e83490,0x00000000c5980000)
 Metaspace       used 43894K, capacity 44984K, committed 45184K, reserved 1087488K
  class space    used 5867K, capacity 6148K, committed 6272K, reserved 1048576K
Event: 10.174 GC heap after
Heap after GC invocations=14 (full 2):
 PSYoungGen      total 136704K, used 11547K [0x00000000eab00000, 0x00000000f4180000, 0x0000000100000000)
  eden space 124928K, 0% used [0x00000000eab00000,0x00000000eab00000,0x00000000f2500000)
  from space 11776K, 98% used [0x00000000f3200000,0x00000000f3d46e70,0x00000000f3d80000)
  to   space 13312K, 0% used [0x00000000f2500000,0x00000000f2500000,0x00000000f3200000)
 ParOldGen       total 91648K, used 14869K [0x00000000c0000000, 0x00000000c5980000, 0x00000000eab00000)
  object space 91648K, 16% used [0x00000000c0000000,0x00000000c0e85490,0x00000000c5980000)
 Metaspace       used 43894K, capacity 44984K, committed 45184K, reserved 1087488K
  class space    used 5867K, capacity 6148K, committed 6272K, reserved 1048576K
}
Event: 10.561 GC heap before
{Heap before GC invocations=15 (full 2):
 PSYoungGen      total 136704K, used 136475K [0x00000000eab00000, 0x00000000f4180000, 0x0000000100000000)
  eden space 124928K, 100% used [0x00000000eab00000,0x00000000f2500000,0x00000000f2500000)
  from space 11776K, 98% used [0x00000000f3200000,0x00000000f3d46e70,0x00000000f3d80000)
  to   space 13312K, 0% used [0x00000000f2500000,0x00000000f2500000,0x00000000f3200000)
 ParOldGen       total 91648K, used 14869K [0x00000000c0000000, 0x00000000c5980000, 0x00000000eab00000)
  object space 91648K, 16% used [0x00000000c0000000,0x00000000c0e85490,0x00000000c5980000)
 Metaspace       used 44029K, capacity 45072K, committed 45440K, reserved 1089536K
  class space    used 5870K, capacity 6152K, committed 6272K, reserved 1048576K
Event: 10.571 GC heap after
Heap after GC invocations=15 (full 2):
 PSYoungGen      total 138240K, used 12870K [0x00000000eab00000, 0x00000000f6c00000, 0x0000000100000000)
  eden space 124928K, 0% used [0x00000000eab00000,0x00000000eab00000,0x00000000f2500000)
  from space 13312K, 96% used [0x00000000f2500000,0x00000000f3191880,0x00000000f3200000)
  to   space 14336K, 0% used [0x00000000f5e00000,0x00000000f5e00000,0x00000000f6c00000)
 ParOldGen       total 91648K, used 14877K [0x00000000c0000000, 0x00000000c5980000, 0x00000000eab00000)
  object space 91648K, 16% used [0x00000000c0000000,0x00000000c0e87490,0x00000000c5980000)
 Metaspace       used 44029K, capacity 45072K, committed 45440K, reserved 1089536K
  class space    used 5870K, capacity 6152K, committed 6272K, reserved 1048576K
}

