# JRE version: OpenJDK Runtime Environment (8.0_112-b06) (build 1.8.0_112-release-b06)
# Java VM: OpenJDK 64-Bit Server VM (25.112-b06 mixed mode windows-amd64 compressed oops)
Heap:
 PSYoungGen      total 232960K, used 109447K [0x00000000eab00000, 0x0000000100000000, 0x0000000100000000)
  eden space 116736K, 62% used [0x00000000eab00000,0x00000000ef1e1580,0x00000000f1d00000)
  from space 116224K, 31% used [0x00000000f8e80000,0x00000000fb280968,0x0000000100000000)
  to   space 116224K, 0% used [0x00000000f1d00000,0x00000000f1d00000,0x00000000f8e80000)
 ParOldGen       total 664576K, used 479991K [0x00000000c0000000, 0x00000000e8900000, 0x00000000eab00000)
  object space 664576K, 72% used [0x00000000c0000000,0x00000000dd4bdfe8,0x00000000e8900000)
 Metaspace       used 6464K, capacity 7280K, committed 7552K, reserved 1056768K
  class space    used 590K, capacity 616K, committed 640K, reserved 1048576K
GC Heap History (10 events):
Event: 9.197 GC heap before
{Heap before GC invocations=28 (full 3):
 PSYoungGen      total 225280K, used 202995K [0x00000000eab00000, 0x0000000100000000, 0x0000000100000000)
  eden space 118784K, 100% used [0x00000000eab00000,0x00000000f1f00000,0x00000000f1f00000)
  from space 106496K, 79% used [0x00000000f9800000,0x00000000fea3cce0,0x0000000100000000)
  to   space 115200K, 0% used [0x00000000f1f00000,0x00000000f1f00000,0x00000000f8f80000)
 ParOldGen       total 461312K, used 354774K [0x00000000c0000000, 0x00000000dc280000, 0x00000000eab00000)
  object space 461312K, 76% used [0x00000000c0000000,0x00000000d5a75970,0x00000000dc280000)
 Metaspace       used 6453K, capacity 7280K, committed 7552K, reserved 1056768K
  class space    used 589K, capacity 616K, committed 640K, reserved 1048576K
Event: 9.273 GC heap after
Heap after GC invocations=28 (full 3):
 PSYoungGen      total 221696K, used 102460K [0x00000000eab00000, 0x0000000100000000, 0x0000000100000000)
  eden space 118784K, 0% used [0x00000000eab00000,0x00000000eab00000,0x00000000f1f00000)
  from space 102912K, 99% used [0x00000000f1f00000,0x00000000f830f280,0x00000000f8380000)
  to   space 116224K, 0% used [0x00000000f8e80000,0x00000000f8e80000,0x0000000100000000)
 ParOldGen       total 461312K, used 354774K [0x00000000c0000000, 0x00000000dc280000, 0x00000000eab00000)
  object space 461312K, 76% used [0x00000000c0000000,0x00000000d5a75970,0x00000000dc280000)
 Metaspace       used 6453K, capacity 7280K, committed 7552K, reserved 1056768K
  class space    used 589K, capacity 616K, committed 640K, reserved 1048576K
}
Event: 9.455 GC heap before
{Heap before GC invocations=29 (full 3):
 PSYoungGen      total 221696K, used 221244K [0x00000000eab00000, 0x0000000100000000, 0x0000000100000000)
  eden space 118784K, 100% used [0x00000000eab00000,0x00000000f1f00000,0x00000000f1f00000)
  from space 102912K, 99% used [0x00000000f1f00000,0x00000000f830f280,0x00000000f8380000)
  to   space 116224K, 0% used [0x00000000f8e80000,0x00000000f8e80000,0x0000000100000000)
 ParOldGen       total 461312K, used 354774K [0x00000000c0000000, 0x00000000dc280000, 0x00000000eab00000)
  object space 461312K, 76% used [0x00000000c0000000,0x00000000d5a75970,0x00000000dc280000)
 Metaspace       used 6453K, capacity 7280K, committed 7552K, reserved 1056768K
  class space    used 589K, capacity 616K, committed 640K, reserved 1048576K
Event: 9.532 GC heap after
Heap after GC invocations=29 (full 3):
 PSYoungGen      total 232960K, used 87942K [0x00000000eab00000, 0x0000000100000000, 0x0000000100000000)
  eden space 116736K, 0% used [0x00000000eab00000,0x00000000eab00000,0x00000000f1d00000)
  from space 116224K, 75% used [0x00000000f8e80000,0x00000000fe461b30,0x0000000100000000)
  to   space 116224K, 0% used [0x00000000f1d00000,0x00000000f1d00000,0x00000000f8e80000)
 ParOldGen       total 461312K, used 387205K [0x00000000c0000000, 0x00000000dc280000, 0x00000000eab00000)
  object space 461312K, 83% used [0x00000000c0000000,0x00000000d7a215b8,0x00000000dc280000)
 Metaspace       used 6453K, capacity 7280K, committed 7552K, reserved 1056768K
  class space    used 589K, capacity 616K, committed 640K, reserved 1048576K
}
Event: 9.670 GC heap before
{Heap before GC invocations=30 (full 3):
 PSYoungGen      total 232960K, used 204678K [0x00000000eab00000, 0x0000000100000000, 0x0000000100000000)
  eden space 116736K, 100% used [0x00000000eab00000,0x00000000f1d00000,0x00000000f1d00000)
  from space 116224K, 75% used [0x00000000f8e80000,0x00000000fe461b30,0x0000000100000000)
  to   space 116224K, 0% used [0x00000000f1d00000,0x00000000f1d00000,0x00000000f8e80000)
 ParOldGen       total 461312K, used 387205K [0x00000000c0000000, 0x00000000dc280000, 0x00000000eab00000)
  object space 461312K, 83% used [0x00000000c0000000,0x00000000d7a215b8,0x00000000dc280000)
 Metaspace       used 6453K, capacity 7280K, committed 7552K, reserved 1056768K
  class space    used 589K, capacity 616K, committed 640K, reserved 1048576K
Event: 9.738 GC heap after
Heap after GC invocations=30 (full 3):
 PSYoungGen      total 232960K, used 77862K [0x00000000eab00000, 0x0000000100000000, 0x0000000100000000)
  eden space 116736K, 0% used [0x00000000eab00000,0x00000000eab00000,0x00000000f1d00000)
  from space 116224K, 66% used [0x00000000f1d00000,0x00000000f6909af0,0x00000000f8e80000)
  to   space 116224K, 0% used [0x00000000f8e80000,0x00000000f8e80000,0x0000000100000000)
 ParOldGen       total 461312K, used 419379K [0x00000000c0000000, 0x00000000dc280000, 0x00000000eab00000)
  object space 461312K, 90% used [0x00000000c0000000,0x00000000d998cda8,0x00000000dc280000)
 Metaspace       used 6453K, capacity 7280K, committed 7552K, reserved 1056768K
  class space    used 589K, capacity 616K, committed 640K, reserved 1048576K
}
Event: 9.738 GC heap before
{Heap before GC invocations=31 (full 4):
 PSYoungGen      total 232960K, used 77862K [0x00000000eab00000, 0x0000000100000000, 0x0000000100000000)
  eden space 116736K, 0% used [0x00000000eab00000,0x00000000eab00000,0x00000000f1d00000)
  from space 116224K, 66% used [0x00000000f1d00000,0x00000000f6909af0,0x00000000f8e80000)
  to   space 116224K, 0% used [0x00000000f8e80000,0x00000000f8e80000,0x0000000100000000)
 ParOldGen       total 461312K, used 419379K [0x00000000c0000000, 0x00000000dc280000, 0x00000000eab00000)
  object space 461312K, 90% used [0x00000000c0000000,0x00000000d998cda8,0x00000000dc280000)
 Metaspace       used 6453K, capacity 7280K, committed 7552K, reserved 1056768K
  class space    used 589K, capacity 616K, committed 640K, reserved 1048576K
Event: 11.291 GC heap after
Heap after GC invocations=31 (full 4):
 PSYoungGen      total 232960K, used 34145K [0x00000000eab00000, 0x0000000100000000, 0x0000000100000000)
  eden space 116736K, 0% used [0x00000000eab00000,0x00000000eab00000,0x00000000f1d00000)
  from space 116224K, 29% used [0x00000000f1d00000,0x00000000f3e586a8,0x00000000f8e80000)
  to   space 116224K, 0% used [0x00000000f8e80000,0x00000000f8e80000,0x0000000100000000)
 ParOldGen       total 664576K, used 461078K [0x00000000c0000000, 0x00000000e8900000, 0x00000000eab00000)
  object space 664576K, 69% used [0x00000000c0000000,0x00000000dc2459f0,0x00000000e8900000)
 Metaspace       used 6453K, capacity 7280K, committed 7552K, reserved 1056768K
  class space    used 589K, capacity 616K, committed 640K, reserved 1048576K
}
Event: 11.482 GC heap before
{Heap before GC invocations=32 (full 4):
 PSYoungGen      total 232960K, used 150881K [0x00000000eab00000, 0x0000000100000000, 0x0000000100000000)
  eden space 116736K, 100% used [0x00000000eab00000,0x00000000f1d00000,0x00000000f1d00000)
  from space 116224K, 29% used [0x00000000f1d00000,0x00000000f3e586a8,0x00000000f8e80000)
  to   space 116224K, 0% used [0x00000000f8e80000,0x00000000f8e80000,0x0000000100000000)
 ParOldGen       total 664576K, used 461078K [0x00000000c0000000, 0x00000000e8900000, 0x00000000eab00000)
  object space 664576K, 69% used [0x00000000c0000000,0x00000000dc2459f0,0x00000000e8900000)
 Metaspace       used 6456K, capacity 7280K, committed 7552K, reserved 1056768K
  class space    used 589K, capacity 616K, committed 640K, reserved 1048576K
Event: 11.586 GC heap after
Heap after GC invocations=32 (full 4):
 PSYoungGen      total 232960K, used 36866K [0x00000000eab00000, 0x0000000100000000, 0x0000000100000000)
  eden space 116736K, 0% used [0x00000000eab00000,0x00000000eab00000,0x00000000f1d00000)
  from space 116224K, 31% used [0x00000000f8e80000,0x00000000fb280968,0x0000000100000000)
  to   space 116224K, 0% used [0x00000000f1d00000,0x00000000f1d00000,0x00000000f8e80000)
 ParOldGen       total 664576K, used 479991K [0x00000000c0000000, 0x00000000e8900000, 0x00000000eab00000)
  object space 664576K, 72% used [0x00000000c0000000,0x00000000dd4bdfe8,0x00000000e8900000)
 Metaspace       used 6456K, capacity 7280K, committed 7552K, reserved 1056768K
  class space    used 589K, capacity 616K, committed 640K, reserved 1048576K
}

