# JRE version: OpenJDK Runtime Environment (8.0_112-b06) (build 1.8.0_112-release-b06)
# Java VM: OpenJDK 64-Bit Server VM (25.112-b06 mixed mode windows-amd64 compressed oops)
Heap:
 PSYoungGen      total 232960K, used 158243K [0x00000000eab00000, 0x0000000100000000, 0x0000000100000000)
  eden space 116736K, 94% used [0x00000000eab00000,0x00000000f1716db8,0x00000000f1d00000)
  from space 116224K, 40% used [0x00000000f8e80000,0x00000000fbcf1fd0,0x0000000100000000)
  to   space 116224K, 0% used [0x00000000f1d00000,0x00000000f1d00000,0x00000000f8e80000)
 ParOldGen       total 659968K, used 462746K [0x00000000c0000000, 0x00000000e8480000, 0x00000000eab00000)
  object space 659968K, 70% used [0x00000000c0000000,0x00000000dc3e6910,0x00000000e8480000)
 Metaspace       used 6459K, capacity 7280K, committed 7552K, reserved 1056768K
  class space    used 589K, capacity 616K, committed 640K, reserved 1048576K
GC Heap History (10 events):
Event: 9.452 GC heap before
{Heap before GC invocations=28 (full 3):
 PSYoungGen      total 231424K, used 170335K [0x00000000eab00000, 0x0000000100000000, 0x0000000100000000)
  eden space 121856K, 100% used [0x00000000eab00000,0x00000000f2200000,0x00000000f2200000)
  from space 109568K, 44% used [0x00000000f8980000,0x00000000fb8d7fa8,0x00000000ff480000)
  to   space 105984K, 0% used [0x00000000f2200000,0x00000000f2200000,0x00000000f8980000)
 ParOldGen       total 462848K, used 385951K [0x00000000c0000000, 0x00000000dc400000, 0x00000000eab00000)
  object space 462848K, 83% used [0x00000000c0000000,0x00000000d78e7f78,0x00000000dc400000)
 Metaspace       used 6447K, capacity 7280K, committed 7552K, reserved 1056768K
  class space    used 588K, capacity 616K, committed 640K, reserved 1048576K
Event: 9.521 GC heap after
Heap after GC invocations=28 (full 3):
 PSYoungGen      total 227840K, used 66605K [0x00000000eab00000, 0x0000000100000000, 0x0000000100000000)
  eden space 121856K, 0% used [0x00000000eab00000,0x00000000eab00000,0x00000000f2200000)
  from space 105984K, 62% used [0x00000000f2200000,0x00000000f630b540,0x00000000f8980000)
  to   space 109056K, 0% used [0x00000000f9580000,0x00000000f9580000,0x0000000100000000)
 ParOldGen       total 462848K, used 385951K [0x00000000c0000000, 0x00000000dc400000, 0x00000000eab00000)
  object space 462848K, 83% used [0x00000000c0000000,0x00000000d78e7f78,0x00000000dc400000)
 Metaspace       used 6447K, capacity 7280K, committed 7552K, reserved 1056768K
  class space    used 588K, capacity 616K, committed 640K, reserved 1048576K
}
Event: 9.698 GC heap before
{Heap before GC invocations=29 (full 3):
 PSYoungGen      total 227840K, used 188461K [0x00000000eab00000, 0x0000000100000000, 0x0000000100000000)
  eden space 121856K, 100% used [0x00000000eab00000,0x00000000f2200000,0x00000000f2200000)
  from space 105984K, 62% used [0x00000000f2200000,0x00000000f630b540,0x00000000f8980000)
  to   space 109056K, 0% used [0x00000000f9580000,0x00000000f9580000,0x0000000100000000)
 ParOldGen       total 462848K, used 385951K [0x00000000c0000000, 0x00000000dc400000, 0x00000000eab00000)
  object space 462848K, 83% used [0x00000000c0000000,0x00000000d78e7f78,0x00000000dc400000)
 Metaspace       used 6447K, capacity 7280K, committed 7552K, reserved 1056768K
  class space    used 588K, capacity 616K, committed 640K, reserved 1048576K
Event: 9.766 GC heap after
Heap after GC invocations=29 (full 3):
 PSYoungGen      total 225792K, used 85953K [0x00000000eab00000, 0x0000000100000000, 0x0000000100000000)
  eden space 116736K, 0% used [0x00000000eab00000,0x00000000eab00000,0x00000000f1d00000)
  from space 109056K, 78% used [0x00000000f9580000,0x00000000fe9706a8,0x0000000100000000)
  to   space 116224K, 0% used [0x00000000f1d00000,0x00000000f1d00000,0x00000000f8e80000)
 ParOldGen       total 462848K, used 385951K [0x00000000c0000000, 0x00000000dc400000, 0x00000000eab00000)
  object space 462848K, 83% used [0x00000000c0000000,0x00000000d78e7f78,0x00000000dc400000)
 Metaspace       used 6447K, capacity 7280K, committed 7552K, reserved 1056768K
  class space    used 588K, capacity 616K, committed 640K, reserved 1048576K
}
Event: 9.938 GC heap before
{Heap before GC invocations=30 (full 3):
 PSYoungGen      total 225792K, used 202689K [0x00000000eab00000, 0x0000000100000000, 0x0000000100000000)
  eden space 116736K, 100% used [0x00000000eab00000,0x00000000f1d00000,0x00000000f1d00000)
  from space 109056K, 78% used [0x00000000f9580000,0x00000000fe9706a8,0x0000000100000000)
  to   space 116224K, 0% used [0x00000000f1d00000,0x00000000f1d00000,0x00000000f8e80000)
 ParOldGen       total 462848K, used 385951K [0x00000000c0000000, 0x00000000dc400000, 0x00000000eab00000)
  object space 462848K, 83% used [0x00000000c0000000,0x00000000d78e7f78,0x00000000dc400000)
 Metaspace       used 6447K, capacity 7280K, committed 7552K, reserved 1056768K
  class space    used 588K, capacity 616K, committed 640K, reserved 1048576K
Event: 10.017 GC heap after
Heap after GC invocations=30 (full 3):
 PSYoungGen      total 232960K, used 75677K [0x00000000eab00000, 0x0000000100000000, 0x0000000100000000)
  eden space 116736K, 0% used [0x00000000eab00000,0x00000000eab00000,0x00000000f1d00000)
  from space 116224K, 65% used [0x00000000f1d00000,0x00000000f66e74e8,0x00000000f8e80000)
  to   space 116224K, 0% used [0x00000000f8e80000,0x00000000f8e80000,0x0000000100000000)
 ParOldGen       total 462848K, used 417031K [0x00000000c0000000, 0x00000000dc400000, 0x00000000eab00000)
  object space 462848K, 90% used [0x00000000c0000000,0x00000000d9741e70,0x00000000dc400000)
 Metaspace       used 6447K, capacity 7280K, committed 7552K, reserved 1056768K
  class space    used 588K, capacity 616K, committed 640K, reserved 1048576K
}
Event: 10.186 GC heap before
{Heap before GC invocations=31 (full 3):
 PSYoungGen      total 232960K, used 192413K [0x00000000eab00000, 0x0000000100000000, 0x0000000100000000)
  eden space 116736K, 100% used [0x00000000eab00000,0x00000000f1d00000,0x00000000f1d00000)
  from space 116224K, 65% used [0x00000000f1d00000,0x00000000f66e74e8,0x00000000f8e80000)
  to   space 116224K, 0% used [0x00000000f8e80000,0x00000000f8e80000,0x0000000100000000)
 ParOldGen       total 462848K, used 417031K [0x00000000c0000000, 0x00000000dc400000, 0x00000000eab00000)
  object space 462848K, 90% used [0x00000000c0000000,0x00000000d9741e70,0x00000000dc400000)
 Metaspace       used 6449K, capacity 7280K, committed 7552K, reserved 1056768K
  class space    used 588K, capacity 616K, committed 640K, reserved 1048576K
Event: 10.301 GC heap after
Heap after GC invocations=31 (full 3):
 PSYoungGen      total 232960K, used 60648K [0x00000000eab00000, 0x0000000100000000, 0x0000000100000000)
  eden space 116736K, 0% used [0x00000000eab00000,0x00000000eab00000,0x00000000f1d00000)
  from space 116224K, 52% used [0x00000000f8e80000,0x00000000fc9ba0c8,0x0000000100000000)
  to   space 116224K, 0% used [0x00000000f1d00000,0x00000000f1d00000,0x00000000f8e80000)
 ParOldGen       total 462848K, used 451956K [0x00000000c0000000, 0x00000000dc400000, 0x00000000eab00000)
  object space 462848K, 97% used [0x00000000c0000000,0x00000000db95d1c8,0x00000000dc400000)
 Metaspace       used 6449K, capacity 7280K, committed 7552K, reserved 1056768K
  class space    used 588K, capacity 616K, committed 640K, reserved 1048576K
}
Event: 10.301 GC heap before
{Heap before GC invocations=32 (full 4):
 PSYoungGen      total 232960K, used 60648K [0x00000000eab00000, 0x0000000100000000, 0x0000000100000000)
  eden space 116736K, 0% used [0x00000000eab00000,0x00000000eab00000,0x00000000f1d00000)
  from space 116224K, 52% used [0x00000000f8e80000,0x00000000fc9ba0c8,0x0000000100000000)
  to   space 116224K, 0% used [0x00000000f1d00000,0x00000000f1d00000,0x00000000f8e80000)
 ParOldGen       total 462848K, used 451956K [0x00000000c0000000, 0x00000000dc400000, 0x00000000eab00000)
  object space 462848K, 97% used [0x00000000c0000000,0x00000000db95d1c8,0x00000000dc400000)
 Metaspace       used 6449K, capacity 7280K, committed 7552K, reserved 1056768K
  class space    used 588K, capacity 616K, committed 640K, reserved 1048576K
Event: 11.967 GC heap after
Heap after GC invocations=32 (full 4):
 PSYoungGen      total 232960K, used 47559K [0x00000000eab00000, 0x0000000100000000, 0x0000000100000000)
  eden space 116736K, 0% used [0x00000000eab00000,0x00000000eab00000,0x00000000f1d00000)
  from space 116224K, 40% used [0x00000000f8e80000,0x00000000fbcf1fd0,0x0000000100000000)
  to   space 116224K, 0% used [0x00000000f1d00000,0x00000000f1d00000,0x00000000f8e80000)
 ParOldGen       total 659968K, used 462746K [0x00000000c0000000, 0x00000000e8480000, 0x00000000eab00000)
  object space 659968K, 70% used [0x00000000c0000000,0x00000000dc3e6910,0x00000000e8480000)
 Metaspace       used 6449K, capacity 7280K, committed 7552K, reserved 1056768K
  class space    used 588K, capacity 616K, committed 640K, reserved 1048576K
}

