# JRE version: OpenJDK Runtime Environment (8.0_112-b06) (build 1.8.0_112-release-b06)
# Java VM: OpenJDK 64-Bit Server VM (25.112-b06 mixed mode windows-amd64 compressed oops)
Heap:
 PSYoungGen      total 217088K, used 171100K [0x00000000eab00000, 0x00000000fd300000, 0x0000000100000000)
  eden space 140800K, 79% used [0x00000000eab00000,0x00000000f1898648,0x00000000f3480000)
  from space 76288K, 77% used [0x00000000f8880000,0x00000000fc1fea10,0x00000000fd300000)
  to   space 75776K, 0% used [0x00000000f3480000,0x00000000f3480000,0x00000000f7e80000)
 ParOldGen       total 699392K, used 343407K [0x00000000c0000000, 0x00000000eab00000, 0x00000000eab00000)
  object space 699392K, 49% used [0x00000000c0000000,0x00000000d4f5be98,0x00000000eab00000)
 Metaspace       used 6453K, capacity 7280K, committed 7552K, reserved 1056768K
  class space    used 589K, capacity 616K, committed 640K, reserved 1048576K
GC Heap History (10 events):
Event: 533.314 GC heap before
{Heap before GC invocations=2079 (full 2067):
 PSYoungGen      total 138240K, used 138237K [0x00000000eab00000, 0x00000000fcf80000, 0x0000000100000000)
  eden space 133120K, 100% used [0x00000000eab00000,0x00000000f2d00000,0x00000000f2d00000)
  from space 5120K, 99% used [0x00000000f2d00000,0x00000000f31ff530,0x00000000f3200000)
  to   space 79872K, 0% used [0x00000000f8180000,0x00000000f8180000,0x00000000fcf80000)
 ParOldGen       total 699392K, used 288904K [0x00000000c0000000, 0x00000000eab00000, 0x00000000eab00000)
  object space 699392K, 41% used [0x00000000c0000000,0x00000000d1a22208,0x00000000eab00000)
 Metaspace       used 6446K, capacity 7280K, committed 7552K, reserved 1056768K
  class space    used 588K, capacity 616K, committed 640K, reserved 1048576K
Event: 533.347 GC heap after
Heap after GC invocations=2079 (full 2067):
 PSYoungGen      total 213504K, used 23912K [0x00000000eab00000, 0x00000000fc880000, 0x0000000100000000)
  eden space 140800K, 0% used [0x00000000eab00000,0x00000000eab00000,0x00000000f3480000)
  from space 72704K, 32% used [0x00000000f8180000,0x00000000f98da298,0x00000000fc880000)
  to   space 75776K, 0% used [0x00000000f3480000,0x00000000f3480000,0x00000000f7e80000)
 ParOldGen       total 699392K, used 293945K [0x00000000c0000000, 0x00000000eab00000, 0x00000000eab00000)
  object space 699392K, 42% used [0x00000000c0000000,0x00000000d1f0e7f0,0x00000000eab00000)
 Metaspace       used 6446K, capacity 7280K, committed 7552K, reserved 1056768K
  class space    used 588K, capacity 616K, committed 640K, reserved 1048576K
}
Event: 533.513 GC heap before
{Heap before GC invocations=2080 (full 2067):
 PSYoungGen      total 213504K, used 164712K [0x00000000eab00000, 0x00000000fc880000, 0x0000000100000000)
  eden space 140800K, 100% used [0x00000000eab00000,0x00000000f3480000,0x00000000f3480000)
  from space 72704K, 32% used [0x00000000f8180000,0x00000000f98da298,0x00000000fc880000)
  to   space 75776K, 0% used [0x00000000f3480000,0x00000000f3480000,0x00000000f7e80000)
 ParOldGen       total 699392K, used 293945K [0x00000000c0000000, 0x00000000eab00000, 0x00000000eab00000)
  object space 699392K, 42% used [0x00000000c0000000,0x00000000d1f0e7f0,0x00000000eab00000)
 Metaspace       used 6447K, capacity 7280K, committed 7552K, reserved 1056768K
  class space    used 589K, capacity 616K, committed 640K, reserved 1048576K
Event: 533.545 GC heap after
Heap after GC invocations=2080 (full 2067):
 PSYoungGen      total 216576K, used 42405K [0x00000000eab00000, 0x00000000fd300000, 0x0000000100000000)
  eden space 140800K, 0% used [0x00000000eab00000,0x00000000eab00000,0x00000000f3480000)
  from space 75776K, 55% used [0x00000000f3480000,0x00000000f5de94a8,0x00000000f7e80000)
  to   space 76288K, 0% used [0x00000000f8880000,0x00000000f8880000,0x00000000fd300000)
 ParOldGen       total 699392K, used 293945K [0x00000000c0000000, 0x00000000eab00000, 0x00000000eab00000)
  object space 699392K, 42% used [0x00000000c0000000,0x00000000d1f0e7f0,0x00000000eab00000)
 Metaspace       used 6447K, capacity 7280K, committed 7552K, reserved 1056768K
  class space    used 589K, capacity 616K, committed 640K, reserved 1048576K
}
Event: 533.754 GC heap before
{Heap before GC invocations=2081 (full 2067):
 PSYoungGen      total 216576K, used 183205K [0x00000000eab00000, 0x00000000fd300000, 0x0000000100000000)
  eden space 140800K, 100% used [0x00000000eab00000,0x00000000f3480000,0x00000000f3480000)
  from space 75776K, 55% used [0x00000000f3480000,0x00000000f5de94a8,0x00000000f7e80000)
  to   space 76288K, 0% used [0x00000000f8880000,0x00000000f8880000,0x00000000fd300000)
 ParOldGen       total 699392K, used 293945K [0x00000000c0000000, 0x00000000eab00000, 0x00000000eab00000)
  object space 699392K, 42% used [0x00000000c0000000,0x00000000d1f0e7f0,0x00000000eab00000)
 Metaspace       used 6449K, capacity 7280K, committed 7552K, reserved 1056768K
  class space    used 589K, capacity 616K, committed 640K, reserved 1048576K
Event: 533.798 GC heap after
Heap after GC invocations=2081 (full 2067):
 PSYoungGen      total 217088K, used 63700K [0x00000000eab00000, 0x00000000fd300000, 0x0000000100000000)
  eden space 140800K, 0% used [0x00000000eab00000,0x00000000eab00000,0x00000000f3480000)
  from space 76288K, 83% used [0x00000000f8880000,0x00000000fc6b5028,0x00000000fd300000)
  to   space 75776K, 0% used [0x00000000f3480000,0x00000000f3480000,0x00000000f7e80000)
 ParOldGen       total 699392K, used 293953K [0x00000000c0000000, 0x00000000eab00000, 0x00000000eab00000)
  object space 699392K, 42% used [0x00000000c0000000,0x00000000d1f107f0,0x00000000eab00000)
 Metaspace       used 6449K, capacity 7280K, committed 7552K, reserved 1056768K
  class space    used 589K, capacity 616K, committed 640K, reserved 1048576K
}
Event: 533.966 GC heap before
{Heap before GC invocations=2082 (full 2067):
 PSYoungGen      total 217088K, used 204500K [0x00000000eab00000, 0x00000000fd300000, 0x0000000100000000)
  eden space 140800K, 100% used [0x00000000eab00000,0x00000000f3480000,0x00000000f3480000)
  from space 76288K, 83% used [0x00000000f8880000,0x00000000fc6b5028,0x00000000fd300000)
  to   space 75776K, 0% used [0x00000000f3480000,0x00000000f3480000,0x00000000f7e80000)
 ParOldGen       total 699392K, used 293953K [0x00000000c0000000, 0x00000000eab00000, 0x00000000eab00000)
  object space 699392K, 42% used [0x00000000c0000000,0x00000000d1f107f0,0x00000000eab00000)
 Metaspace       used 6449K, capacity 7280K, committed 7552K, reserved 1056768K
  class space    used 589K, capacity 616K, committed 640K, reserved 1048576K
Event: 534.028 GC heap after
Heap after GC invocations=2082 (full 2067):
 PSYoungGen      total 216576K, used 75757K [0x00000000eab00000, 0x00000000fd300000, 0x0000000100000000)
  eden space 140800K, 0% used [0x00000000eab00000,0x00000000eab00000,0x00000000f3480000)
  from space 75776K, 99% used [0x00000000f3480000,0x00000000f7e7b510,0x00000000f7e80000)
  to   space 76288K, 0% used [0x00000000f8880000,0x00000000f8880000,0x00000000fd300000)
 ParOldGen       total 699392K, used 306056K [0x00000000c0000000, 0x00000000eab00000, 0x00000000eab00000)
  object space 699392K, 43% used [0x00000000c0000000,0x00000000d2ae2288,0x00000000eab00000)
 Metaspace       used 6449K, capacity 7280K, committed 7552K, reserved 1056768K
  class space    used 589K, capacity 616K, committed 640K, reserved 1048576K
}
Event: 534.208 GC heap before
{Heap before GC invocations=2083 (full 2067):
 PSYoungGen      total 216576K, used 216557K [0x00000000eab00000, 0x00000000fd300000, 0x0000000100000000)
  eden space 140800K, 100% used [0x00000000eab00000,0x00000000f3480000,0x00000000f3480000)
  from space 75776K, 99% used [0x00000000f3480000,0x00000000f7e7b510,0x00000000f7e80000)
  to   space 76288K, 0% used [0x00000000f8880000,0x00000000f8880000,0x00000000fd300000)
 ParOldGen       total 699392K, used 306056K [0x00000000c0000000, 0x00000000eab00000, 0x00000000eab00000)
  object space 699392K, 43% used [0x00000000c0000000,0x00000000d2ae2288,0x00000000eab00000)
 Metaspace       used 6451K, capacity 7280K, committed 7552K, reserved 1056768K
  class space    used 589K, capacity 616K, committed 640K, reserved 1048576K
Event: 534.284 GC heap after
Heap after GC invocations=2083 (full 2067):
 PSYoungGen      total 217088K, used 58874K [0x00000000eab00000, 0x00000000fd300000, 0x0000000100000000)
  eden space 140800K, 0% used [0x00000000eab00000,0x00000000eab00000,0x00000000f3480000)
  from space 76288K, 77% used [0x00000000f8880000,0x00000000fc1fea10,0x00000000fd300000)
  to   space 75776K, 0% used [0x00000000f3480000,0x00000000f3480000,0x00000000f7e80000)
 ParOldGen       total 699392K, used 343407K [0x00000000c0000000, 0x00000000eab00000, 0x00000000eab00000)
  object space 699392K, 49% used [0x00000000c0000000,0x00000000d4f5be98,0x00000000eab00000)
 Metaspace       used 6451K, capacity 7280K, committed 7552K, reserved 1056768K
  class space    used 589K, capacity 616K, committed 640K, reserved 1048576K
}

